2021-04-06 14:59:52.463 [info] <0.44.0> Application lager started on node nonode@nohost
2021-04-06 14:59:52.465 [info] <0.44.0> Application xmerl started on node nonode@nohost
2021-04-06 14:59:52.468 [info] <0.44.0> Application sasl started on node nonode@nohost
2021-04-06 14:59:52.468 [info] <0.44.0> Application tools started on node nonode@nohost
2021-04-06 14:59:52.468 [info] <0.44.0> Application jsx started on node nonode@nohost
2021-04-06 14:59:52.468 [info] <0.44.0> Application recon started on node nonode@nohost
2021-04-06 14:59:52.507 [info] <0.44.0> Application credentials_obfuscation started on node nonode@nohost
2021-04-06 14:59:52.507 [info] <0.44.0> Application rabbit_common started on node nonode@nohost
2021-04-06 14:59:52.514 [info] <0.44.0> Application amqp_client started on node nonode@nohost
2021-04-06 14:59:52.516 [info] <0.44.0> Application amqp started on node nonode@nohost
2021-04-06 14:59:52.516 [info] <0.44.0> Application poison started on node nonode@nohost
2021-04-06 14:59:52.529 [info] <0.44.0> Application websocket started on node nonode@nohost
2021-04-06 15:00:49.476 [info] <0.44.0> Application lager started on node nonode@nohost
2021-04-06 15:00:49.478 [info] <0.44.0> Application xmerl started on node nonode@nohost
2021-04-06 15:00:49.482 [info] <0.44.0> Application sasl started on node nonode@nohost
2021-04-06 15:00:49.482 [info] <0.44.0> Application tools started on node nonode@nohost
2021-04-06 15:00:49.482 [info] <0.44.0> Application jsx started on node nonode@nohost
2021-04-06 15:00:49.482 [info] <0.44.0> Application recon started on node nonode@nohost
2021-04-06 15:00:49.517 [info] <0.44.0> Application credentials_obfuscation started on node nonode@nohost
2021-04-06 15:00:49.518 [info] <0.44.0> Application rabbit_common started on node nonode@nohost
2021-04-06 15:00:49.524 [info] <0.44.0> Application amqp_client started on node nonode@nohost
2021-04-06 15:00:49.526 [info] <0.44.0> Application amqp started on node nonode@nohost
2021-04-06 15:00:49.542 [info] <0.44.0> Application websocket started on node nonode@nohost
2021-04-06 15:07:31.025 [info] <0.44.0> Application lager started on node nonode@nohost
2021-04-06 15:07:31.027 [info] <0.44.0> Application xmerl started on node nonode@nohost
2021-04-06 15:07:31.030 [info] <0.44.0> Application sasl started on node nonode@nohost
2021-04-06 15:07:31.030 [info] <0.44.0> Application tools started on node nonode@nohost
2021-04-06 15:07:31.030 [info] <0.44.0> Application jsx started on node nonode@nohost
2021-04-06 15:07:31.030 [info] <0.44.0> Application recon started on node nonode@nohost
2021-04-06 15:07:31.067 [info] <0.44.0> Application credentials_obfuscation started on node nonode@nohost
2021-04-06 15:07:31.067 [info] <0.44.0> Application rabbit_common started on node nonode@nohost
2021-04-06 15:07:31.073 [info] <0.44.0> Application amqp_client started on node nonode@nohost
2021-04-06 15:07:31.075 [info] <0.44.0> Application amqp started on node nonode@nohost
2021-04-06 15:07:31.090 [info] <0.44.0> Application websocket started on node nonode@nohost
2021-04-06 15:08:36.740 [info] <0.44.0> Application lager started on node nonode@nohost
2021-04-06 15:08:36.742 [info] <0.44.0> Application xmerl started on node nonode@nohost
2021-04-06 15:08:36.744 [info] <0.44.0> Application sasl started on node nonode@nohost
2021-04-06 15:08:36.744 [info] <0.44.0> Application tools started on node nonode@nohost
2021-04-06 15:08:36.744 [info] <0.44.0> Application jsx started on node nonode@nohost
2021-04-06 15:08:36.744 [info] <0.44.0> Application recon started on node nonode@nohost
2021-04-06 15:08:36.780 [info] <0.44.0> Application credentials_obfuscation started on node nonode@nohost
2021-04-06 15:08:36.780 [info] <0.44.0> Application rabbit_common started on node nonode@nohost
2021-04-06 15:08:36.785 [info] <0.44.0> Application amqp_client started on node nonode@nohost
2021-04-06 15:08:36.787 [info] <0.44.0> Application amqp started on node nonode@nohost
2021-04-06 15:08:36.806 [error] <0.311.0> Failed to start Ranch listener 'Elixir.Websocket.Router.HTTP' in ranch_tcp:listen([{cacerts,'...'},{key,'...'},{cert,'...'},{port,4000}]) for reason eaddrinuse (address already in use)
2021-04-06 15:08:36.810 [error] <0.309.0> Supervisor {<0.309.0>,ranch_listener_sup} had child ranch_acceptors_sup started with ranch_acceptors_sup:start_link('Elixir.Websocket.Router.HTTP', ranch_tcp) at undefined exit with reason {listen_error,'Elixir.Websocket.Router.HTTP',eaddrinuse} in context start_error
2021-04-06 15:10:09.960 [info] <0.44.0> Application lager started on node nonode@nohost
2021-04-06 15:10:09.961 [info] <0.44.0> Application xmerl started on node nonode@nohost
2021-04-06 15:10:09.963 [info] <0.44.0> Application sasl started on node nonode@nohost
2021-04-06 15:10:09.963 [info] <0.44.0> Application tools started on node nonode@nohost
2021-04-06 15:10:09.963 [info] <0.44.0> Application jsx started on node nonode@nohost
2021-04-06 15:10:09.964 [info] <0.44.0> Application recon started on node nonode@nohost
2021-04-06 15:10:10.001 [info] <0.44.0> Application credentials_obfuscation started on node nonode@nohost
2021-04-06 15:10:10.001 [info] <0.44.0> Application rabbit_common started on node nonode@nohost
2021-04-06 15:10:10.005 [info] <0.44.0> Application amqp_client started on node nonode@nohost
2021-04-06 15:10:10.008 [info] <0.44.0> Application amqp started on node nonode@nohost
2021-04-06 15:10:10.023 [info] <0.44.0> Application websocket started on node nonode@nohost
2021-04-06 15:13:54.131 [info] <0.44.0> Application lager started on node nonode@nohost
2021-04-06 15:13:54.132 [info] <0.44.0> Application xmerl started on node nonode@nohost
2021-04-06 15:13:54.135 [info] <0.44.0> Application sasl started on node nonode@nohost
2021-04-06 15:13:54.135 [info] <0.44.0> Application tools started on node nonode@nohost
2021-04-06 15:13:54.135 [info] <0.44.0> Application jsx started on node nonode@nohost
2021-04-06 15:13:54.135 [info] <0.44.0> Application recon started on node nonode@nohost
2021-04-06 15:13:54.172 [info] <0.44.0> Application credentials_obfuscation started on node nonode@nohost
2021-04-06 15:13:54.172 [info] <0.44.0> Application rabbit_common started on node nonode@nohost
2021-04-06 15:13:54.179 [info] <0.44.0> Application amqp_client started on node nonode@nohost
2021-04-06 15:13:54.181 [info] <0.44.0> Application amqp started on node nonode@nohost
2021-04-06 15:13:54.196 [info] <0.44.0> Application websocket started on node nonode@nohost
2021-04-06 15:13:57.642 [error] <0.443.0> CRASH REPORT Process <0.443.0> with 0 neighbours crashed with reason: {badkey,channel,#{registry_key => <<"/ws/chat">>}} in 'Elixir.Websocket.SocketHandler':websocket_init/1 line 24
2021-04-06 15:13:57.642 [error] <0.443.0> Ranch listener 'Elixir.Websocket.Router.HTTP' terminated with reason: {badkey,channel,#{registry_key => <<"/ws/chat">>}} in 'Elixir.Websocket.SocketHandler':websocket_init/1 line 24
2021-04-06 15:14:24.413 [info] <0.44.0> Application lager started on node nonode@nohost
2021-04-06 15:14:24.416 [info] <0.44.0> Application xmerl started on node nonode@nohost
2021-04-06 15:14:24.418 [info] <0.44.0> Application sasl started on node nonode@nohost
2021-04-06 15:14:24.419 [info] <0.44.0> Application tools started on node nonode@nohost
2021-04-06 15:14:24.419 [info] <0.44.0> Application jsx started on node nonode@nohost
2021-04-06 15:14:24.419 [info] <0.44.0> Application recon started on node nonode@nohost
2021-04-06 15:14:24.457 [info] <0.44.0> Application credentials_obfuscation started on node nonode@nohost
2021-04-06 15:14:24.458 [info] <0.44.0> Application rabbit_common started on node nonode@nohost
2021-04-06 15:14:24.471 [info] <0.44.0> Application amqp_client started on node nonode@nohost
2021-04-06 15:14:24.478 [info] <0.44.0> Application amqp started on node nonode@nohost
2021-04-06 15:14:24.515 [info] <0.44.0> Application websocket started on node nonode@nohost
2021-04-06 15:14:26.380 [error] <0.443.0> CRASH REPORT Process <0.443.0> with 0 neighbours crashed with reason: {badkey,channel,#{registry_key => <<"/ws/chat">>}} in 'Elixir.Websocket.SocketHandler':websocket_init/1 line 24
2021-04-06 15:14:26.380 [error] <0.443.0> Ranch listener 'Elixir.Websocket.Router.HTTP' terminated with reason: {badkey,channel,#{registry_key => <<"/ws/chat">>}} in 'Elixir.Websocket.SocketHandler':websocket_init/1 line 24
2021-04-06 15:14:49.068 [info] <0.44.0> Application lager started on node nonode@nohost
2021-04-06 15:14:49.071 [info] <0.44.0> Application xmerl started on node nonode@nohost
2021-04-06 15:14:49.076 [info] <0.44.0> Application sasl started on node nonode@nohost
2021-04-06 15:14:49.076 [info] <0.44.0> Application tools started on node nonode@nohost
2021-04-06 15:14:49.076 [info] <0.44.0> Application jsx started on node nonode@nohost
2021-04-06 15:14:49.076 [info] <0.44.0> Application recon started on node nonode@nohost
2021-04-06 15:14:49.125 [info] <0.44.0> Application credentials_obfuscation started on node nonode@nohost
2021-04-06 15:14:49.125 [info] <0.44.0> Application rabbit_common started on node nonode@nohost
2021-04-06 15:14:49.132 [info] <0.44.0> Application amqp_client started on node nonode@nohost
2021-04-06 15:14:49.136 [info] <0.44.0> Application amqp started on node nonode@nohost
2021-04-06 15:14:49.159 [info] <0.44.0> Application websocket started on node nonode@nohost
2021-04-06 15:14:50.682 [error] <0.443.0> CRASH REPORT Process <0.443.0> with 0 neighbours crashed with reason: {badkey,channel,#{registry_key => <<"/ws/chat">>}} in 'Elixir.Websocket.SocketHandler':websocket_init/1 line 24
2021-04-06 15:14:50.682 [error] <0.443.0> Ranch listener 'Elixir.Websocket.Router.HTTP' terminated with reason: {badkey,channel,#{registry_key => <<"/ws/chat">>}} in 'Elixir.Websocket.SocketHandler':websocket_init/1 line 24
2021-04-06 15:15:02.560 [error] <0.445.0> CRASH REPORT Process <0.445.0> with 0 neighbours crashed with reason: {badkey,channel,#{registry_key => <<"/ws/chat">>}} in 'Elixir.Websocket.SocketHandler':websocket_init/1 line 24
2021-04-06 15:15:02.561 [error] <0.445.0> Ranch listener 'Elixir.Websocket.Router.HTTP' terminated with reason: {badkey,channel,#{registry_key => <<"/ws/chat">>}} in 'Elixir.Websocket.SocketHandler':websocket_init/1 line 24
2021-04-06 15:15:04.131 [info] <0.44.0> Application lager started on node nonode@nohost
2021-04-06 15:15:04.132 [info] <0.44.0> Application xmerl started on node nonode@nohost
2021-04-06 15:15:04.135 [info] <0.44.0> Application sasl started on node nonode@nohost
2021-04-06 15:15:04.135 [info] <0.44.0> Application tools started on node nonode@nohost
2021-04-06 15:15:04.135 [info] <0.44.0> Application jsx started on node nonode@nohost
2021-04-06 15:15:04.135 [info] <0.44.0> Application recon started on node nonode@nohost
2021-04-06 15:15:04.174 [info] <0.44.0> Application credentials_obfuscation started on node nonode@nohost
2021-04-06 15:15:04.174 [info] <0.44.0> Application rabbit_common started on node nonode@nohost
2021-04-06 15:15:04.179 [info] <0.44.0> Application amqp_client started on node nonode@nohost
2021-04-06 15:15:04.182 [info] <0.44.0> Application amqp started on node nonode@nohost
2021-04-06 15:15:04.204 [info] <0.44.0> Application websocket started on node nonode@nohost
2021-04-06 15:15:05.616 [error] <0.443.0> CRASH REPORT Process <0.443.0> with 0 neighbours crashed with reason: {badkey,channel,#{registry_key => <<"/ws/chat">>}} in 'Elixir.Websocket.SocketHandler':websocket_handle/2 line 56
2021-04-06 15:15:05.618 [error] <0.443.0> Ranch listener 'Elixir.Websocket.Router.HTTP' terminated with reason: {badkey,channel,#{registry_key => <<"/ws/chat">>}} in 'Elixir.Websocket.SocketHandler':websocket_handle/2 line 56
2021-04-06 15:15:14.074 [error] <0.445.0> CRASH REPORT Process <0.445.0> with 0 neighbours crashed with reason: {badkey,channel,#{registry_key => <<"/ws/chat">>}} in 'Elixir.Websocket.SocketHandler':websocket_handle/2 line 56
2021-04-06 15:15:14.074 [error] <0.445.0> Ranch listener 'Elixir.Websocket.Router.HTTP' terminated with reason: {badkey,channel,#{registry_key => <<"/ws/chat">>}} in 'Elixir.Websocket.SocketHandler':websocket_handle/2 line 56
2021-04-06 15:15:17.008 [info] <0.44.0> Application lager started on node nonode@nohost
2021-04-06 15:15:17.010 [info] <0.44.0> Application xmerl started on node nonode@nohost
2021-04-06 15:15:17.014 [info] <0.44.0> Application sasl started on node nonode@nohost
2021-04-06 15:15:17.014 [info] <0.44.0> Application tools started on node nonode@nohost
2021-04-06 15:15:17.014 [info] <0.44.0> Application jsx started on node nonode@nohost
2021-04-06 15:15:17.014 [info] <0.44.0> Application recon started on node nonode@nohost
2021-04-06 15:15:17.050 [info] <0.44.0> Application credentials_obfuscation started on node nonode@nohost
2021-04-06 15:15:17.050 [info] <0.44.0> Application rabbit_common started on node nonode@nohost
2021-04-06 15:15:17.055 [info] <0.44.0> Application amqp_client started on node nonode@nohost
2021-04-06 15:15:17.058 [info] <0.44.0> Application amqp started on node nonode@nohost
2021-04-06 15:15:17.083 [info] <0.44.0> Application websocket started on node nonode@nohost
2021-04-06 15:15:51.419 [info] <0.44.0> Application lager started on node nonode@nohost
2021-04-06 15:15:51.421 [info] <0.44.0> Application xmerl started on node nonode@nohost
2021-04-06 15:15:51.425 [info] <0.44.0> Application sasl started on node nonode@nohost
2021-04-06 15:15:51.425 [info] <0.44.0> Application tools started on node nonode@nohost
2021-04-06 15:15:51.425 [info] <0.44.0> Application jsx started on node nonode@nohost
2021-04-06 15:15:51.425 [info] <0.44.0> Application recon started on node nonode@nohost
2021-04-06 15:15:51.474 [info] <0.44.0> Application credentials_obfuscation started on node nonode@nohost
2021-04-06 15:15:51.475 [info] <0.44.0> Application rabbit_common started on node nonode@nohost
2021-04-06 15:15:51.484 [info] <0.44.0> Application amqp_client started on node nonode@nohost
2021-04-06 15:15:51.488 [info] <0.44.0> Application amqp started on node nonode@nohost
2021-04-06 15:15:51.523 [info] <0.44.0> Application websocket started on node nonode@nohost
2021-04-06 15:15:53.517 [error] <0.443.0> CRASH REPORT Process <0.443.0> with 0 neighbours crashed with reason: {badkey,channel,#{registry_key => <<"/ws/chat">>}} in 'Elixir.Websocket.SocketHandler':websocket_handle/2 line 56
2021-04-06 15:15:53.518 [error] <0.443.0> Ranch listener 'Elixir.Websocket.Router.HTTP' terminated with reason: {badkey,channel,#{registry_key => <<"/ws/chat">>}} in 'Elixir.Websocket.SocketHandler':websocket_handle/2 line 56
2021-04-06 15:16:28.845 [info] <0.44.0> Application lager started on node nonode@nohost
2021-04-06 15:16:28.846 [info] <0.44.0> Application xmerl started on node nonode@nohost
2021-04-06 15:16:28.850 [info] <0.44.0> Application sasl started on node nonode@nohost
2021-04-06 15:16:28.850 [info] <0.44.0> Application tools started on node nonode@nohost
2021-04-06 15:16:28.851 [info] <0.44.0> Application jsx started on node nonode@nohost
2021-04-06 15:16:28.851 [info] <0.44.0> Application recon started on node nonode@nohost
2021-04-06 15:16:28.888 [info] <0.44.0> Application credentials_obfuscation started on node nonode@nohost
2021-04-06 15:16:28.888 [info] <0.44.0> Application rabbit_common started on node nonode@nohost
2021-04-06 15:16:28.894 [info] <0.44.0> Application amqp_client started on node nonode@nohost
2021-04-06 15:16:28.896 [info] <0.44.0> Application amqp started on node nonode@nohost
2021-04-06 15:16:28.913 [info] <0.44.0> Application websocket started on node nonode@nohost
2021-04-06 15:16:31.045 [error] <0.443.0> CRASH REPORT Process <0.443.0> with 0 neighbours crashed with reason: {badkey,channel,#{registry_key => <<"/ws/chat">>}} in 'Elixir.Websocket.SocketHandler':websocket_handle/2 line 57
2021-04-06 15:16:31.045 [error] <0.443.0> Ranch listener 'Elixir.Websocket.Router.HTTP' terminated with reason: {badkey,channel,#{registry_key => <<"/ws/chat">>}} in 'Elixir.Websocket.SocketHandler':websocket_handle/2 line 57
2021-04-06 15:16:49.011 [info] <0.44.0> Application lager started on node nonode@nohost
2021-04-06 15:16:49.013 [info] <0.44.0> Application xmerl started on node nonode@nohost
2021-04-06 15:16:49.019 [info] <0.44.0> Application sasl started on node nonode@nohost
2021-04-06 15:16:49.019 [info] <0.44.0> Application tools started on node nonode@nohost
2021-04-06 15:16:49.019 [info] <0.44.0> Application jsx started on node nonode@nohost
2021-04-06 15:16:49.020 [info] <0.44.0> Application recon started on node nonode@nohost
2021-04-06 15:16:49.057 [info] <0.44.0> Application credentials_obfuscation started on node nonode@nohost
2021-04-06 15:16:49.058 [info] <0.44.0> Application rabbit_common started on node nonode@nohost
2021-04-06 15:16:49.066 [info] <0.44.0> Application amqp_client started on node nonode@nohost
2021-04-06 15:16:49.070 [info] <0.44.0> Application amqp started on node nonode@nohost
2021-04-06 15:16:49.088 [info] <0.44.0> Application websocket started on node nonode@nohost
2021-04-06 15:16:51.383 [error] <0.443.0> CRASH REPORT Process <0.443.0> with 0 neighbours crashed with reason: {badkey,channel,#{registry_key => <<"/ws/chat">>}} in 'Elixir.Websocket.SocketHandler':websocket_handle/2 line 56
2021-04-06 15:16:51.384 [error] <0.443.0> Ranch listener 'Elixir.Websocket.Router.HTTP' terminated with reason: {badkey,channel,#{registry_key => <<"/ws/chat">>}} in 'Elixir.Websocket.SocketHandler':websocket_handle/2 line 56
2021-04-06 15:19:54.722 [info] <0.44.0> Application lager started on node nonode@nohost
2021-04-06 15:19:54.723 [info] <0.44.0> Application xmerl started on node nonode@nohost
2021-04-06 15:19:54.726 [info] <0.44.0> Application sasl started on node nonode@nohost
2021-04-06 15:19:54.726 [info] <0.44.0> Application tools started on node nonode@nohost
2021-04-06 15:19:54.726 [info] <0.44.0> Application jsx started on node nonode@nohost
2021-04-06 15:19:54.726 [info] <0.44.0> Application recon started on node nonode@nohost
2021-04-06 15:19:54.767 [info] <0.44.0> Application credentials_obfuscation started on node nonode@nohost
2021-04-06 15:19:54.767 [info] <0.44.0> Application rabbit_common started on node nonode@nohost
2021-04-06 15:19:54.773 [info] <0.44.0> Application amqp_client started on node nonode@nohost
2021-04-06 15:19:54.778 [info] <0.44.0> Application amqp started on node nonode@nohost
2021-04-06 15:19:54.805 [info] <0.44.0> Application websocket started on node nonode@nohost
2021-04-06 15:20:33.971 [info] <0.44.0> Application lager started on node nonode@nohost
2021-04-06 15:20:33.974 [info] <0.44.0> Application xmerl started on node nonode@nohost
2021-04-06 15:20:33.977 [info] <0.44.0> Application sasl started on node nonode@nohost
2021-04-06 15:20:33.977 [info] <0.44.0> Application tools started on node nonode@nohost
2021-04-06 15:20:33.977 [info] <0.44.0> Application jsx started on node nonode@nohost
2021-04-06 15:20:33.978 [info] <0.44.0> Application recon started on node nonode@nohost
2021-04-06 15:20:34.017 [info] <0.44.0> Application credentials_obfuscation started on node nonode@nohost
2021-04-06 15:20:34.017 [info] <0.44.0> Application rabbit_common started on node nonode@nohost
2021-04-06 15:20:34.032 [info] <0.44.0> Application amqp_client started on node nonode@nohost
2021-04-06 15:20:34.034 [info] <0.44.0> Application amqp started on node nonode@nohost
2021-04-06 15:20:34.056 [info] <0.44.0> Application websocket started on node nonode@nohost
2021-04-06 15:20:36.646 [error] <0.443.0> CRASH REPORT Process <0.443.0> with 0 neighbours exited with reason: {{shutdown,{server_initiated_close,404,<<"NOT_FOUND - no queue 'messages' in vhost '/'">>}},{gen_server,call,[<0.458.0>,{subscribe,{'basic.consume',0,<<"messages">>,<<>>,false,true,false,false,[]},<0.460.0>},60000]}} in gen_server:call/3 line 246
2021-04-06 15:20:36.646 [error] <0.443.0> Ranch listener 'Elixir.Websocket.Router.HTTP' terminated with reason: {{shutdown,{server_initiated_close,404,<<"NOT_FOUND - no queue 'messages' in vhost '/'">>}},{gen_server,call,[<0.458.0>,{subscribe,{'basic.consume',0,<<"messages">>,<<>>,false,true,false,false,[]},<0.460.0>},60000]}}
2021-04-06 15:21:35.722 [info] <0.44.0> Application lager started on node nonode@nohost
2021-04-06 15:21:35.724 [info] <0.44.0> Application xmerl started on node nonode@nohost
2021-04-06 15:21:35.726 [info] <0.44.0> Application sasl started on node nonode@nohost
2021-04-06 15:21:35.726 [info] <0.44.0> Application tools started on node nonode@nohost
2021-04-06 15:21:35.726 [info] <0.44.0> Application jsx started on node nonode@nohost
2021-04-06 15:21:35.726 [info] <0.44.0> Application recon started on node nonode@nohost
2021-04-06 15:21:35.764 [info] <0.44.0> Application credentials_obfuscation started on node nonode@nohost
2021-04-06 15:21:35.764 [info] <0.44.0> Application rabbit_common started on node nonode@nohost
2021-04-06 15:21:35.769 [info] <0.44.0> Application amqp_client started on node nonode@nohost
2021-04-06 15:21:35.772 [info] <0.44.0> Application amqp started on node nonode@nohost
2021-04-06 15:21:35.788 [info] <0.44.0> Application websocket started on node nonode@nohost
2021-04-06 15:21:38.300 [error] <0.444.0> CRASH REPORT Process <0.444.0> with 0 neighbours exited with reason: {{shutdown,{server_initiated_close,404,<<"NOT_FOUND - no queue 'messages' in vhost '/'">>}},{gen_server,call,[<0.458.0>,{subscribe,{'basic.consume',0,<<"messages">>,<<>>,false,true,false,false,[]},<0.460.0>},60000]}} in gen_server:call/3 line 246 in gen_server:call/3 line 246
2021-04-06 15:21:38.304 [error] <0.444.0> Cowboy stream 1 with ranch listener 'Elixir.Websocket.Router.HTTP' and connection process <0.443.0> had its request process exit with reason: {{shutdown,{server_initiated_close,404,<<"NOT_FOUND - no queue 'messages' in vhost '/'">>}},{gen_server,call,[<0.458.0>,{subscribe,{'basic.consume',0,<<"messages">>,<<>>,false,true,false,false,[]},<0.460.0>},60000]}} in gen_server:call/3 line 246
2021-04-06 15:24:57.289 [info] <0.44.0> Application lager started on node nonode@nohost
2021-04-06 15:24:57.292 [info] <0.44.0> Application xmerl started on node nonode@nohost
2021-04-06 15:24:57.295 [info] <0.44.0> Application sasl started on node nonode@nohost
2021-04-06 15:24:57.295 [info] <0.44.0> Application tools started on node nonode@nohost
2021-04-06 15:24:57.295 [info] <0.44.0> Application jsx started on node nonode@nohost
2021-04-06 15:24:57.295 [info] <0.44.0> Application recon started on node nonode@nohost
2021-04-06 15:24:57.337 [info] <0.44.0> Application credentials_obfuscation started on node nonode@nohost
2021-04-06 15:24:57.337 [info] <0.44.0> Application rabbit_common started on node nonode@nohost
2021-04-06 15:24:57.355 [info] <0.44.0> Application amqp_client started on node nonode@nohost
2021-04-06 15:24:57.360 [info] <0.44.0> Application amqp started on node nonode@nohost
2021-04-06 15:24:57.387 [info] <0.44.0> Application websocket started on node nonode@nohost
2021-04-06 15:25:24.722 [info] <0.44.0> Application lager started on node nonode@nohost
2021-04-06 15:25:24.725 [info] <0.44.0> Application xmerl started on node nonode@nohost
2021-04-06 15:25:24.730 [info] <0.44.0> Application sasl started on node nonode@nohost
2021-04-06 15:25:24.730 [info] <0.44.0> Application tools started on node nonode@nohost
2021-04-06 15:25:24.730 [info] <0.44.0> Application jsx started on node nonode@nohost
2021-04-06 15:25:24.730 [info] <0.44.0> Application recon started on node nonode@nohost
2021-04-06 15:25:24.768 [info] <0.44.0> Application credentials_obfuscation started on node nonode@nohost
2021-04-06 15:25:24.768 [info] <0.44.0> Application rabbit_common started on node nonode@nohost
2021-04-06 15:25:24.774 [info] <0.44.0> Application amqp_client started on node nonode@nohost
2021-04-06 15:25:24.780 [info] <0.44.0> Application amqp started on node nonode@nohost
2021-04-06 15:25:24.816 [info] <0.44.0> Application websocket started on node nonode@nohost
2021-04-06 15:25:26.624 [error] <0.444.0> CRASH REPORT Process <0.444.0> with 0 neighbours exited with reason: {{shutdown,{server_initiated_close,404,<<"NOT_FOUND - no queue 'messages' in vhost '/'">>}},{gen_server,call,[<0.458.0>,{subscribe,{'basic.consume',0,<<"messages">>,<<>>,false,true,false,false,[]},<0.460.0>},60000]}} in gen_server:call/3 line 246 in gen_server:call/3 line 246
2021-04-06 15:25:26.629 [error] <0.444.0> Cowboy stream 1 with ranch listener 'Elixir.Websocket.Router.HTTP' and connection process <0.443.0> had its request process exit with reason: {{shutdown,{server_initiated_close,404,<<"NOT_FOUND - no queue 'messages' in vhost '/'">>}},{gen_server,call,[<0.458.0>,{subscribe,{'basic.consume',0,<<"messages">>,<<>>,false,true,false,false,[]},<0.460.0>},60000]}} in gen_server:call/3 line 246
2021-04-07 17:35:02.438 [info] <0.44.0> Application lager started on node nonode@nohost
2021-04-07 17:35:02.443 [info] <0.44.0> Application xmerl started on node nonode@nohost
2021-04-07 17:35:02.444 [info] <0.44.0> Application sasl started on node nonode@nohost
2021-04-07 17:35:02.444 [info] <0.44.0> Application tools started on node nonode@nohost
2021-04-07 17:35:02.445 [info] <0.44.0> Application jsx started on node nonode@nohost
2021-04-07 17:35:02.445 [info] <0.44.0> Application recon started on node nonode@nohost
2021-04-07 17:35:02.489 [info] <0.44.0> Application credentials_obfuscation started on node nonode@nohost
2021-04-07 17:35:02.489 [info] <0.44.0> Application rabbit_common started on node nonode@nohost
2021-04-07 17:35:02.516 [info] <0.44.0> Application amqp_client started on node nonode@nohost
2021-04-07 17:35:02.520 [info] <0.44.0> Application amqp started on node nonode@nohost
2021-04-07 17:35:02.564 [info] <0.44.0> Application websocket started on node nonode@nohost
2021-04-07 18:40:19.113 [info] <0.44.0> Application lager started on node nonode@nohost
2021-04-07 18:40:19.119 [info] <0.44.0> Application xmerl started on node nonode@nohost
2021-04-07 18:40:19.122 [info] <0.44.0> Application sasl started on node nonode@nohost
2021-04-07 18:40:19.122 [info] <0.44.0> Application tools started on node nonode@nohost
2021-04-07 18:40:19.122 [info] <0.44.0> Application jsx started on node nonode@nohost
2021-04-07 18:40:19.122 [info] <0.44.0> Application recon started on node nonode@nohost
2021-04-07 18:40:19.160 [info] <0.44.0> Application credentials_obfuscation started on node nonode@nohost
2021-04-07 18:40:19.160 [info] <0.44.0> Application rabbit_common started on node nonode@nohost
2021-04-07 18:40:19.167 [info] <0.44.0> Application amqp_client started on node nonode@nohost
2021-04-07 18:40:19.170 [info] <0.44.0> Application amqp started on node nonode@nohost
2021-04-07 18:40:19.202 [error] <0.322.0> Failed to start Ranch listener 'Elixir.Websocket.Router.HTTP' in ranch_tcp:listen([{cacerts,'...'},{key,'...'},{cert,'...'},{port,4000}]) for reason eaddrinuse (address already in use)
2021-04-07 18:40:19.208 [error] <0.320.0> Supervisor {<0.320.0>,ranch_listener_sup} had child ranch_acceptors_sup started with ranch_acceptors_sup:start_link('Elixir.Websocket.Router.HTTP', ranch_tcp) at undefined exit with reason {listen_error,'Elixir.Websocket.Router.HTTP',eaddrinuse} in context start_error
2021-04-07 18:43:02.261 [error] <0.509.0> CRASH REPORT Process <0.509.0> with 0 neighbours exited with reason: {{shutdown,{server_initiated_close,404,<<"NOT_FOUND - no queue 'messages' in vhost '/'">>}},{gen_server,call,[<0.521.0>,{subscribe,{'basic.consume',0,<<"messages">>,<<>>,false,true,false,false,[]},<0.523.0>},60000]}} in gen_server:call/3 line 246 in gen_server:call/3 line 246
2021-04-07 18:43:02.288 [error] <0.509.0> Cowboy stream 1 with ranch listener 'Elixir.Websocket.Router.HTTP' and connection process <0.507.0> had its request process exit with reason: {{shutdown,{server_initiated_close,404,<<"NOT_FOUND - no queue 'messages' in vhost '/'">>}},{gen_server,call,[<0.521.0>,{subscribe,{'basic.consume',0,<<"messages">>,<<>>,false,true,false,false,[]},<0.523.0>},60000]}} in gen_server:call/3 line 246
2021-04-07 18:47:18.318 [info] <0.44.0> Application lager started on node nonode@nohost
2021-04-07 18:47:18.338 [info] <0.44.0> Application xmerl started on node nonode@nohost
2021-04-07 18:47:18.338 [info] <0.44.0> Application sasl started on node nonode@nohost
2021-04-07 18:47:18.338 [info] <0.44.0> Application tools started on node nonode@nohost
2021-04-07 18:47:18.338 [info] <0.44.0> Application jsx started on node nonode@nohost
2021-04-07 18:47:18.338 [info] <0.44.0> Application recon started on node nonode@nohost
2021-04-07 18:47:18.409 [info] <0.44.0> Application credentials_obfuscation started on node nonode@nohost
2021-04-07 18:47:18.410 [info] <0.44.0> Application rabbit_common started on node nonode@nohost
2021-04-07 18:47:18.428 [info] <0.44.0> Application amqp_client started on node nonode@nohost
2021-04-07 18:47:18.431 [info] <0.44.0> Application amqp started on node nonode@nohost
2021-04-07 18:47:18.470 [info] <0.44.0> Application websocket started on node nonode@nohost
2021-04-07 18:54:53.277 [info] <0.44.0> Application lager started on node nonode@nohost
2021-04-07 18:54:53.279 [info] <0.44.0> Application xmerl started on node nonode@nohost
2021-04-07 18:54:53.285 [info] <0.44.0> Application sasl started on node nonode@nohost
2021-04-07 18:54:53.285 [info] <0.44.0> Application tools started on node nonode@nohost
2021-04-07 18:54:53.285 [info] <0.44.0> Application jsx started on node nonode@nohost
2021-04-07 18:54:53.285 [info] <0.44.0> Application recon started on node nonode@nohost
2021-04-07 18:54:53.333 [info] <0.44.0> Application credentials_obfuscation started on node nonode@nohost
2021-04-07 18:54:53.333 [info] <0.44.0> Application rabbit_common started on node nonode@nohost
2021-04-07 18:54:53.338 [info] <0.44.0> Application amqp_client started on node nonode@nohost
2021-04-07 18:54:53.340 [info] <0.44.0> Application amqp started on node nonode@nohost
2021-04-07 18:54:53.380 [info] <0.44.0> Application websocket started on node nonode@nohost
2021-04-07 18:55:40.466 [error] <0.444.0> CRASH REPORT Process <0.444.0> with 0 neighbours exited with reason: {{shutdown,{server_initiated_close,404,<<"NOT_FOUND - no exchange 'websocket_test_exchange' in vhost '/'">>}},{gen_server,call,[<0.458.0>,{call,{'queue.bind',0,<<"websocket_test_queue">>,<<"websocket_test_exchange">>,<<>>,false,[]},none,<0.444.0>},60000]}} in gen_server:call/3 line 246 in gen_server:call/3 line 246
2021-04-07 18:55:40.470 [error] <0.444.0> Cowboy stream 1 with ranch listener 'Elixir.Websocket.Router.HTTP' and connection process <0.443.0> had its request process exit with reason: {{shutdown,{server_initiated_close,404,<<"NOT_FOUND - no exchange 'websocket_test_exchange' in vhost '/'">>}},{gen_server,call,[<0.458.0>,{call,{'queue.bind',0,<<"websocket_test_queue">>,<<"websocket_test_exchange">>,<<>>,false,[]},none,<0.444.0>},60000]}} in gen_server:call/3 line 246
2021-04-07 18:56:24.123 [info] <0.44.0> Application lager started on node nonode@nohost
2021-04-07 18:56:24.125 [info] <0.44.0> Application xmerl started on node nonode@nohost
2021-04-07 18:56:24.146 [info] <0.44.0> Application sasl started on node nonode@nohost
2021-04-07 18:56:24.146 [info] <0.44.0> Application tools started on node nonode@nohost
2021-04-07 18:56:24.146 [info] <0.44.0> Application jsx started on node nonode@nohost
2021-04-07 18:56:24.146 [info] <0.44.0> Application recon started on node nonode@nohost
2021-04-07 18:56:24.191 [info] <0.44.0> Application credentials_obfuscation started on node nonode@nohost
2021-04-07 18:56:24.192 [info] <0.44.0> Application rabbit_common started on node nonode@nohost
2021-04-07 18:56:24.206 [info] <0.44.0> Application amqp_client started on node nonode@nohost
2021-04-07 18:56:24.214 [info] <0.44.0> Application amqp started on node nonode@nohost
2021-04-07 18:56:24.268 [info] <0.44.0> Application websocket started on node nonode@nohost
2021-04-07 18:56:33.069 [error] <0.444.0> CRASH REPORT Process <0.444.0> with 0 neighbours exited with reason: {{shutdown,{server_initiated_close,404,<<"NOT_FOUND - no queue 'websocket_test_queue' in vhost '/'">>}},{gen_server,call,[<0.458.0>,{call,{'queue.bind',0,<<"websocket_test_queue">>,<<"websocket_test_exchange">>,<<>>,false,[]},none,<0.444.0>},60000]}} in gen_server:call/3 line 246 in gen_server:call/3 line 246
2021-04-07 18:56:33.075 [error] <0.444.0> Cowboy stream 1 with ranch listener 'Elixir.Websocket.Router.HTTP' and connection process <0.443.0> had its request process exit with reason: {{shutdown,{server_initiated_close,404,<<"NOT_FOUND - no queue 'websocket_test_queue' in vhost '/'">>}},{gen_server,call,[<0.458.0>,{call,{'queue.bind',0,<<"websocket_test_queue">>,<<"websocket_test_exchange">>,<<>>,false,[]},none,<0.444.0>},60000]}} in gen_server:call/3 line 246
2021-04-07 18:57:34.975 [info] <0.44.0> Application lager started on node nonode@nohost
2021-04-07 18:57:34.984 [info] <0.44.0> Application xmerl started on node nonode@nohost
2021-04-07 18:57:34.991 [info] <0.44.0> Application sasl started on node nonode@nohost
2021-04-07 18:57:34.991 [info] <0.44.0> Application tools started on node nonode@nohost
2021-04-07 18:57:34.991 [info] <0.44.0> Application jsx started on node nonode@nohost
2021-04-07 18:57:34.991 [info] <0.44.0> Application recon started on node nonode@nohost
2021-04-07 18:57:35.052 [info] <0.44.0> Application credentials_obfuscation started on node nonode@nohost
2021-04-07 18:57:35.052 [info] <0.44.0> Application rabbit_common started on node nonode@nohost
2021-04-07 18:57:35.064 [info] <0.44.0> Application amqp_client started on node nonode@nohost
2021-04-07 18:57:35.068 [info] <0.44.0> Application amqp started on node nonode@nohost
2021-04-07 18:57:35.103 [info] <0.44.0> Application websocket started on node nonode@nohost
2021-04-07 18:57:36.863 [error] <0.444.0> CRASH REPORT Process <0.444.0> with 0 neighbours exited with reason: {{shutdown,{server_initiated_close,404,<<"NOT_FOUND - no queue 'websocket_test_queue' in vhost '/'">>}},{gen_server,call,[<0.458.0>,{call,{'queue.bind',0,<<"websocket_test_queue">>,<<"websocket_test_exchange">>,<<>>,false,[]},none,<0.444.0>},60000]}} in gen_server:call/3 line 246 in gen_server:call/3 line 246
2021-04-07 18:57:36.866 [error] <0.444.0> Cowboy stream 1 with ranch listener 'Elixir.Websocket.Router.HTTP' and connection process <0.443.0> had its request process exit with reason: {{shutdown,{server_initiated_close,404,<<"NOT_FOUND - no queue 'websocket_test_queue' in vhost '/'">>}},{gen_server,call,[<0.458.0>,{call,{'queue.bind',0,<<"websocket_test_queue">>,<<"websocket_test_exchange">>,<<>>,false,[]},none,<0.444.0>},60000]}} in gen_server:call/3 line 246
2021-04-07 18:57:51.965 [info] <0.44.0> Application lager started on node nonode@nohost
2021-04-07 18:57:51.968 [info] <0.44.0> Application xmerl started on node nonode@nohost
2021-04-07 18:57:51.989 [info] <0.44.0> Application sasl started on node nonode@nohost
2021-04-07 18:57:51.989 [info] <0.44.0> Application tools started on node nonode@nohost
2021-04-07 18:57:51.989 [info] <0.44.0> Application jsx started on node nonode@nohost
2021-04-07 18:57:51.989 [info] <0.44.0> Application recon started on node nonode@nohost
2021-04-07 18:57:52.040 [info] <0.44.0> Application credentials_obfuscation started on node nonode@nohost
2021-04-07 18:57:52.040 [info] <0.44.0> Application rabbit_common started on node nonode@nohost
2021-04-07 18:57:52.048 [info] <0.44.0> Application amqp_client started on node nonode@nohost
2021-04-07 18:57:52.059 [info] <0.44.0> Application amqp started on node nonode@nohost
2021-04-07 18:57:52.127 [info] <0.44.0> Application websocket started on node nonode@nohost
2021-04-07 18:59:59.324 [info] <0.44.0> Application lager started on node nonode@nohost
2021-04-07 18:59:59.330 [info] <0.44.0> Application xmerl started on node nonode@nohost
2021-04-07 18:59:59.330 [info] <0.44.0> Application sasl started on node nonode@nohost
2021-04-07 18:59:59.330 [info] <0.44.0> Application tools started on node nonode@nohost
2021-04-07 18:59:59.330 [info] <0.44.0> Application jsx started on node nonode@nohost
2021-04-07 18:59:59.330 [info] <0.44.0> Application recon started on node nonode@nohost
2021-04-07 18:59:59.368 [info] <0.44.0> Application credentials_obfuscation started on node nonode@nohost
2021-04-07 18:59:59.368 [info] <0.44.0> Application rabbit_common started on node nonode@nohost
2021-04-07 18:59:59.375 [info] <0.44.0> Application amqp_client started on node nonode@nohost
2021-04-07 18:59:59.386 [info] <0.44.0> Application amqp started on node nonode@nohost
2021-04-07 18:59:59.417 [info] <0.44.0> Application websocket started on node nonode@nohost
2021-04-07 19:08:25.084 [error] <0.492.0> gen_server <0.492.0> terminated with reason: unexpected_delivery_and_no_default_consumer
2021-04-07 19:08:25.086 [error] <0.492.0> CRASH REPORT Process <0.492.0> with 0 neighbours exited with reason: unexpected_delivery_and_no_default_consumer in gen_server2:terminate/3 line 1183
2021-04-07 19:08:25.087 [error] <0.493.0> gen_server <0.493.0> terminated with reason: {unexpected_delivery_and_no_default_consumer,{gen_server2,call,[<0.492.0>,{consumer_call,{'basic.deliver',<<"amq.ctag-0vhlEQQzbbsqHaK3Cie5Qg">>,1,false,<<"websocket_test_exchange">>,<<>>},{amqp_msg,{'P_basic',undefined,undefined,undefined,1,undefined,undefined,undefined,undefined,undefined,undefined,undefined,undefined,undefined,undefined},<<"fuck you">>}},60000]}} in gen_server2:call/3 line 346
2021-04-07 19:08:25.087 [error] <0.491.0> Supervisor {<0.491.0>,amqp_channel_sup} had child gen_consumer started with amqp_gen_consumer:start_link(amqp_selective_consumer, [], {<<"client 127.0.0.1:57547 -> 127.0.0.1:5672">>,1}) at <0.492.0> exit with reason unexpected_delivery_and_no_default_consumer in context child_terminated
2021-04-07 19:08:25.087 [error] <0.491.0> Supervisor {<0.491.0>,amqp_channel_sup} had child gen_consumer started with amqp_gen_consumer:start_link(amqp_selective_consumer, [], {<<"client 127.0.0.1:57547 -> 127.0.0.1:5672">>,1}) at <0.492.0> exit with reason reached_max_restart_intensity in context shutdown
2021-04-07 19:14:30.262 [info] <0.486.0> Dropping frame {method,'basic.deliver',<<31,97,109,113,46,99,116,97,103,45,48,118,104,108,69,81,81,122,98,98,115,113,72,97,75,51,67,105,101,53,81,103,0,0,0,0,0,0,0,2,0,23,119,101,98,115,111,99,107,101,116,95,116,101,115,116,95,101,120,99,104,97,110,103,101,0>>} for invalid or closed channel number 1
2021-04-07 19:14:30.262 [info] <0.486.0> Dropping frame {content_header,60,0,8,<<16,0,1>>} for invalid or closed channel number 1
2021-04-07 19:14:30.263 [info] <0.486.0> Dropping frame {content_body,<<"fuck you">>} for invalid or closed channel number 1
2021-04-07 19:17:46.156 [error] <0.554.0> CRASH REPORT Process <0.554.0> with 0 neighbours exited with reason: {{shutdown,{server_initiated_close,405,<<"RESOURCE_LOCKED - cannot obtain exclusive access to locked queue 'websocket_test_queue' in vhost '/'. It could be originally declared on another connection or the exclusive property value does not match that of the original declaration.">>}},{gen_server,call,[<0.566.0>,{call,{'queue.declare',0,<<"websocket_test_queue">>,false,false,true,false,false,[]},none,<0.554.0>},60000]}} in gen_server:call/3 line 246 in gen_server:call/3 line 246
2021-04-07 19:17:46.159 [error] <0.554.0> Cowboy stream 1 with ranch listener 'Elixir.Websocket.Router.HTTP' and connection process <0.553.0> had its request process exit with reason: {{shutdown,{server_initiated_close,405,<<"RESOURCE_LOCKED - cannot obtain exclusive access to locked queue 'websocket_test_queue' in vhost '/'. It could be originally declared on another connection or the exclusive property value does not match that of the original declaration.">>}},{gen_server,call,[<0.566.0>,{call,{'queue.declare',0,<<"websocket_test_queue">>,false,false,true,false,false,[]},none,<0.554.0>},60000]}} in gen_server:call/3 line 246
2021-04-07 19:18:21.864 [error] <0.573.0> CRASH REPORT Process <0.573.0> with 0 neighbours exited with reason: {{shutdown,{server_initiated_close,405,<<"RESOURCE_LOCKED - cannot obtain exclusive access to locked queue 'websocket_test_queue' in vhost '/'. It could be originally declared on another connection or the exclusive property value does not match that of the original declaration.">>}},{gen_server,call,[<0.585.0>,{call,{'queue.declare',0,<<"websocket_test_queue">>,false,false,true,false,false,[]},none,<0.573.0>},60000]}} in gen_server:call/3 line 246 in gen_server:call/3 line 246
2021-04-07 19:18:21.864 [error] <0.573.0> Cowboy stream 1 with ranch listener 'Elixir.Websocket.Router.HTTP' and connection process <0.572.0> had its request process exit with reason: {{shutdown,{server_initiated_close,405,<<"RESOURCE_LOCKED - cannot obtain exclusive access to locked queue 'websocket_test_queue' in vhost '/'. It could be originally declared on another connection or the exclusive property value does not match that of the original declaration.">>}},{gen_server,call,[<0.585.0>,{call,{'queue.declare',0,<<"websocket_test_queue">>,false,false,true,false,false,[]},none,<0.573.0>},60000]}} in gen_server:call/3 line 246
2021-04-07 19:19:15.052 [info] <0.44.0> Application lager started on node nonode@nohost
2021-04-07 19:19:15.053 [info] <0.44.0> Application xmerl started on node nonode@nohost
2021-04-07 19:19:15.056 [info] <0.44.0> Application sasl started on node nonode@nohost
2021-04-07 19:19:15.056 [info] <0.44.0> Application tools started on node nonode@nohost
2021-04-07 19:19:15.056 [info] <0.44.0> Application jsx started on node nonode@nohost
2021-04-07 19:19:15.056 [info] <0.44.0> Application recon started on node nonode@nohost
2021-04-07 19:19:15.104 [info] <0.44.0> Application credentials_obfuscation started on node nonode@nohost
2021-04-07 19:19:15.106 [info] <0.44.0> Application rabbit_common started on node nonode@nohost
2021-04-07 19:19:15.119 [info] <0.44.0> Application amqp_client started on node nonode@nohost
2021-04-07 19:19:15.122 [info] <0.44.0> Application amqp started on node nonode@nohost
2021-04-07 19:19:15.173 [info] <0.44.0> Application websocket started on node nonode@nohost
2021-04-07 19:20:42.705 [error] <0.443.0> gen_server <0.443.0> terminated with reason: unexpected_delivery_and_no_default_consumer
2021-04-07 19:20:42.708 [error] <0.443.0> CRASH REPORT Process <0.443.0> with 0 neighbours exited with reason: unexpected_delivery_and_no_default_consumer in gen_server2:terminate/3 line 1183
2021-04-07 19:20:42.708 [error] <0.442.0> Supervisor {<0.442.0>,amqp_channel_sup} had child gen_consumer started with amqp_gen_consumer:start_link(amqp_selective_consumer, [], {<<"client 127.0.0.1:51507 -> 127.0.0.1:5672">>,1}) at <0.443.0> exit with reason unexpected_delivery_and_no_default_consumer in context child_terminated
2021-04-07 19:20:42.708 [error] <0.442.0> Supervisor {<0.442.0>,amqp_channel_sup} had child gen_consumer started with amqp_gen_consumer:start_link(amqp_selective_consumer, [], {<<"client 127.0.0.1:51507 -> 127.0.0.1:5672">>,1}) at <0.443.0> exit with reason reached_max_restart_intensity in context shutdown
2021-04-07 19:23:01.174 [info] <0.44.0> Application lager started on node nonode@nohost
2021-04-07 19:23:01.177 [info] <0.44.0> Application xmerl started on node nonode@nohost
2021-04-07 19:23:01.183 [info] <0.44.0> Application sasl started on node nonode@nohost
2021-04-07 19:23:01.183 [info] <0.44.0> Application tools started on node nonode@nohost
2021-04-07 19:23:01.183 [info] <0.44.0> Application jsx started on node nonode@nohost
2021-04-07 19:23:01.183 [info] <0.44.0> Application recon started on node nonode@nohost
2021-04-07 19:23:01.225 [info] <0.44.0> Application credentials_obfuscation started on node nonode@nohost
2021-04-07 19:23:01.227 [info] <0.44.0> Application rabbit_common started on node nonode@nohost
2021-04-07 19:23:01.238 [info] <0.44.0> Application amqp_client started on node nonode@nohost
2021-04-07 19:23:01.247 [info] <0.44.0> Application amqp started on node nonode@nohost
2021-04-07 19:23:01.298 [info] <0.44.0> Application websocket started on node nonode@nohost
2021-04-07 19:25:07.181 [info] <0.44.0> Application lager started on node nonode@nohost
2021-04-07 19:25:07.186 [info] <0.44.0> Application xmerl started on node nonode@nohost
2021-04-07 19:25:07.187 [info] <0.44.0> Application sasl started on node nonode@nohost
2021-04-07 19:25:07.187 [info] <0.44.0> Application tools started on node nonode@nohost
2021-04-07 19:25:07.187 [info] <0.44.0> Application jsx started on node nonode@nohost
2021-04-07 19:25:07.187 [info] <0.44.0> Application recon started on node nonode@nohost
2021-04-07 19:25:07.226 [info] <0.44.0> Application credentials_obfuscation started on node nonode@nohost
2021-04-07 19:25:07.226 [info] <0.44.0> Application rabbit_common started on node nonode@nohost
2021-04-07 19:25:07.233 [info] <0.44.0> Application amqp_client started on node nonode@nohost
2021-04-07 19:25:07.235 [info] <0.44.0> Application amqp started on node nonode@nohost
2021-04-07 19:25:07.270 [info] <0.44.0> Application websocket started on node nonode@nohost
2021-04-07 19:26:43.698 [info] <0.44.0> Application lager started on node nonode@nohost
2021-04-07 19:26:43.700 [info] <0.44.0> Application xmerl started on node nonode@nohost
2021-04-07 19:26:43.702 [info] <0.44.0> Application sasl started on node nonode@nohost
2021-04-07 19:26:43.702 [info] <0.44.0> Application tools started on node nonode@nohost
2021-04-07 19:26:43.702 [info] <0.44.0> Application jsx started on node nonode@nohost
2021-04-07 19:26:43.702 [info] <0.44.0> Application recon started on node nonode@nohost
2021-04-07 19:26:43.742 [info] <0.44.0> Application credentials_obfuscation started on node nonode@nohost
2021-04-07 19:26:43.742 [info] <0.44.0> Application rabbit_common started on node nonode@nohost
2021-04-07 19:26:43.748 [info] <0.44.0> Application amqp_client started on node nonode@nohost
2021-04-07 19:26:43.760 [info] <0.44.0> Application amqp started on node nonode@nohost
2021-04-07 19:26:43.822 [info] <0.44.0> Application websocket started on node nonode@nohost
2021-04-07 19:28:34.583 [info] <0.44.0> Application lager started on node nonode@nohost
2021-04-07 19:28:34.591 [info] <0.44.0> Application xmerl started on node nonode@nohost
2021-04-07 19:28:34.596 [info] <0.44.0> Application sasl started on node nonode@nohost
2021-04-07 19:28:34.596 [info] <0.44.0> Application tools started on node nonode@nohost
2021-04-07 19:28:34.596 [info] <0.44.0> Application jsx started on node nonode@nohost
2021-04-07 19:28:34.596 [info] <0.44.0> Application recon started on node nonode@nohost
2021-04-07 19:28:34.634 [info] <0.44.0> Application credentials_obfuscation started on node nonode@nohost
2021-04-07 19:28:34.634 [info] <0.44.0> Application rabbit_common started on node nonode@nohost
2021-04-07 19:28:34.643 [info] <0.44.0> Application amqp_client started on node nonode@nohost
2021-04-07 19:28:34.651 [info] <0.44.0> Application amqp started on node nonode@nohost
2021-04-07 19:28:34.672 [info] <0.44.0> Application websocket started on node nonode@nohost
2021-04-07 19:31:10.072 [info] <0.44.0> Application lager started on node nonode@nohost
2021-04-07 19:31:10.091 [info] <0.44.0> Application xmerl started on node nonode@nohost
2021-04-07 19:31:10.100 [info] <0.44.0> Application sasl started on node nonode@nohost
2021-04-07 19:31:10.100 [info] <0.44.0> Application tools started on node nonode@nohost
2021-04-07 19:31:10.100 [info] <0.44.0> Application jsx started on node nonode@nohost
2021-04-07 19:31:10.100 [info] <0.44.0> Application recon started on node nonode@nohost
2021-04-07 19:31:10.160 [info] <0.44.0> Application credentials_obfuscation started on node nonode@nohost
2021-04-07 19:31:10.160 [info] <0.44.0> Application rabbit_common started on node nonode@nohost
2021-04-07 19:31:10.178 [info] <0.44.0> Application amqp_client started on node nonode@nohost
2021-04-07 19:31:10.182 [info] <0.44.0> Application amqp started on node nonode@nohost
2021-04-07 19:31:10.239 [info] <0.44.0> Application websocket started on node nonode@nohost
2021-04-07 19:31:27.570 [info] <0.44.0> Application lager started on node nonode@nohost
2021-04-07 19:31:27.575 [info] <0.44.0> Application xmerl started on node nonode@nohost
2021-04-07 19:31:27.575 [info] <0.44.0> Application sasl started on node nonode@nohost
2021-04-07 19:31:27.575 [info] <0.44.0> Application tools started on node nonode@nohost
2021-04-07 19:31:27.575 [info] <0.44.0> Application jsx started on node nonode@nohost
2021-04-07 19:31:27.575 [info] <0.44.0> Application recon started on node nonode@nohost
2021-04-07 19:31:27.616 [info] <0.44.0> Application credentials_obfuscation started on node nonode@nohost
2021-04-07 19:31:27.616 [info] <0.44.0> Application rabbit_common started on node nonode@nohost
2021-04-07 19:31:27.623 [info] <0.44.0> Application amqp_client started on node nonode@nohost
2021-04-07 19:31:27.629 [info] <0.44.0> Application amqp started on node nonode@nohost
2021-04-07 19:31:27.664 [info] <0.44.0> Application websocket started on node nonode@nohost
2021-04-07 19:31:59.814 [info] <0.44.0> Application lager started on node nonode@nohost
2021-04-07 19:31:59.816 [info] <0.44.0> Application xmerl started on node nonode@nohost
2021-04-07 19:31:59.828 [info] <0.44.0> Application sasl started on node nonode@nohost
2021-04-07 19:31:59.828 [info] <0.44.0> Application tools started on node nonode@nohost
2021-04-07 19:31:59.828 [info] <0.44.0> Application jsx started on node nonode@nohost
2021-04-07 19:31:59.828 [info] <0.44.0> Application recon started on node nonode@nohost
2021-04-07 19:31:59.911 [info] <0.44.0> Application credentials_obfuscation started on node nonode@nohost
2021-04-07 19:31:59.911 [info] <0.44.0> Application rabbit_common started on node nonode@nohost
2021-04-07 19:31:59.930 [info] <0.44.0> Application amqp_client started on node nonode@nohost
2021-04-07 19:31:59.935 [info] <0.44.0> Application amqp started on node nonode@nohost
2021-04-07 19:31:59.979 [info] <0.44.0> Application websocket started on node nonode@nohost
2021-04-07 19:32:43.557 [info] <0.44.0> Application lager started on node nonode@nohost
2021-04-07 19:32:43.559 [info] <0.44.0> Application xmerl started on node nonode@nohost
2021-04-07 19:32:43.565 [info] <0.44.0> Application sasl started on node nonode@nohost
2021-04-07 19:32:43.565 [info] <0.44.0> Application tools started on node nonode@nohost
2021-04-07 19:32:43.565 [info] <0.44.0> Application jsx started on node nonode@nohost
2021-04-07 19:32:43.565 [info] <0.44.0> Application recon started on node nonode@nohost
2021-04-07 19:32:43.630 [info] <0.44.0> Application credentials_obfuscation started on node nonode@nohost
2021-04-07 19:32:43.637 [info] <0.44.0> Application rabbit_common started on node nonode@nohost
2021-04-07 19:32:43.653 [info] <0.44.0> Application amqp_client started on node nonode@nohost
2021-04-07 19:32:43.658 [info] <0.44.0> Application amqp started on node nonode@nohost
2021-04-07 19:32:43.713 [info] <0.44.0> Application websocket started on node nonode@nohost
2021-04-07 19:34:14.787 [info] <0.44.0> Application lager started on node nonode@nohost
2021-04-07 19:34:14.788 [info] <0.44.0> Application xmerl started on node nonode@nohost
2021-04-07 19:34:14.791 [info] <0.44.0> Application sasl started on node nonode@nohost
2021-04-07 19:34:14.791 [info] <0.44.0> Application tools started on node nonode@nohost
2021-04-07 19:34:14.791 [info] <0.44.0> Application jsx started on node nonode@nohost
2021-04-07 19:34:14.791 [info] <0.44.0> Application recon started on node nonode@nohost
2021-04-07 19:34:14.852 [info] <0.44.0> Application credentials_obfuscation started on node nonode@nohost
2021-04-07 19:34:14.852 [info] <0.44.0> Application rabbit_common started on node nonode@nohost
2021-04-07 19:34:14.860 [info] <0.44.0> Application amqp_client started on node nonode@nohost
2021-04-07 19:34:14.870 [info] <0.44.0> Application amqp started on node nonode@nohost
2021-04-07 19:34:14.919 [info] <0.44.0> Application websocket started on node nonode@nohost
2021-04-07 19:55:57.400 [info] <0.44.0> Application lager started on node nonode@nohost
2021-04-07 19:55:57.401 [info] <0.44.0> Application xmerl started on node nonode@nohost
2021-04-07 19:55:57.405 [info] <0.44.0> Application sasl started on node nonode@nohost
2021-04-07 19:55:57.405 [info] <0.44.0> Application tools started on node nonode@nohost
2021-04-07 19:55:57.405 [info] <0.44.0> Application jsx started on node nonode@nohost
2021-04-07 19:55:57.405 [info] <0.44.0> Application recon started on node nonode@nohost
2021-04-07 19:55:57.447 [info] <0.44.0> Application credentials_obfuscation started on node nonode@nohost
2021-04-07 19:55:57.447 [info] <0.44.0> Application rabbit_common started on node nonode@nohost
2021-04-07 19:55:57.452 [info] <0.44.0> Application amqp_client started on node nonode@nohost
2021-04-07 19:55:57.455 [info] <0.44.0> Application amqp started on node nonode@nohost
2021-04-07 19:55:57.457 [error] <0.331.0> CRASH REPORT Process <0.331.0> with 0 neighbours exited with reason: #{'__exception__' => true,'__struct__' => 'Elixir.ArgumentError',message => <<"could not fetch application environment :port for application :websocket because configuration at :port was not set">>} in 'Elixir.Application':'fetch_env!'/2 line 656 in application_master:init/4 line 138
2021-04-07 19:56:15.296 [info] <0.44.0> Application lager started on node nonode@nohost
2021-04-07 19:56:15.298 [info] <0.44.0> Application xmerl started on node nonode@nohost
2021-04-07 19:56:15.301 [info] <0.44.0> Application sasl started on node nonode@nohost
2021-04-07 19:56:15.301 [info] <0.44.0> Application tools started on node nonode@nohost
2021-04-07 19:56:15.301 [info] <0.44.0> Application jsx started on node nonode@nohost
2021-04-07 19:56:15.301 [info] <0.44.0> Application recon started on node nonode@nohost
2021-04-07 19:56:15.352 [info] <0.44.0> Application credentials_obfuscation started on node nonode@nohost
2021-04-07 19:56:15.353 [info] <0.44.0> Application rabbit_common started on node nonode@nohost
2021-04-07 19:56:15.365 [info] <0.44.0> Application amqp_client started on node nonode@nohost
2021-04-07 19:56:15.369 [info] <0.44.0> Application amqp started on node nonode@nohost
2021-04-07 19:56:15.371 [error] <0.317.0> CRASH REPORT Process <0.317.0> with 0 neighbours exited with reason: #{'__exception__' => true,'__struct__' => 'Elixir.ArgumentError',message => <<"could not fetch application environment :port for application :websocket because configuration at :port was not set">>} in 'Elixir.Application':'fetch_env!'/2 line 656 in application_master:init/4 line 138
2021-04-07 19:58:47.321 [info] <0.44.0> Application lager started on node nonode@nohost
2021-04-07 19:58:47.322 [info] <0.44.0> Application xmerl started on node nonode@nohost
2021-04-07 19:58:47.326 [info] <0.44.0> Application sasl started on node nonode@nohost
2021-04-07 19:58:47.326 [info] <0.44.0> Application tools started on node nonode@nohost
2021-04-07 19:58:47.326 [info] <0.44.0> Application jsx started on node nonode@nohost
2021-04-07 19:58:47.327 [info] <0.44.0> Application recon started on node nonode@nohost
2021-04-07 19:58:47.381 [info] <0.44.0> Application credentials_obfuscation started on node nonode@nohost
2021-04-07 19:58:47.381 [info] <0.44.0> Application rabbit_common started on node nonode@nohost
2021-04-07 19:58:47.386 [info] <0.44.0> Application amqp_client started on node nonode@nohost
2021-04-07 19:58:47.388 [info] <0.44.0> Application amqp started on node nonode@nohost
2021-04-07 19:58:47.395 [error] <0.331.0> CRASH REPORT Process <0.331.0> with 0 neighbours exited with reason: #{'__exception__' => true,'__struct__' => 'Elixir.ArgumentError',message => <<"could not fetch application environment :port for application :websocket because configuration at :port was not set">>} in 'Elixir.Application':'fetch_env!'/2 line 656 in application_master:init/4 line 138
2021-04-07 19:58:54.776 [info] <0.44.0> Application lager started on node nonode@nohost
2021-04-07 19:58:54.778 [info] <0.44.0> Application xmerl started on node nonode@nohost
2021-04-07 19:58:54.780 [info] <0.44.0> Application sasl started on node nonode@nohost
2021-04-07 19:58:54.780 [info] <0.44.0> Application tools started on node nonode@nohost
2021-04-07 19:58:54.780 [info] <0.44.0> Application jsx started on node nonode@nohost
2021-04-07 19:58:54.781 [info] <0.44.0> Application recon started on node nonode@nohost
2021-04-07 19:58:54.830 [info] <0.44.0> Application credentials_obfuscation started on node nonode@nohost
2021-04-07 19:58:54.831 [info] <0.44.0> Application rabbit_common started on node nonode@nohost
2021-04-07 19:58:54.836 [info] <0.44.0> Application amqp_client started on node nonode@nohost
2021-04-07 19:58:54.838 [info] <0.44.0> Application amqp started on node nonode@nohost
2021-04-07 19:58:54.896 [info] <0.44.0> Application websocket started on node nonode@nohost
2021-04-07 19:59:09.372 [info] <0.44.0> Application lager started on node nonode@nohost
2021-04-07 19:59:09.375 [info] <0.44.0> Application xmerl started on node nonode@nohost
2021-04-07 19:59:09.383 [info] <0.44.0> Application sasl started on node nonode@nohost
2021-04-07 19:59:09.383 [info] <0.44.0> Application tools started on node nonode@nohost
2021-04-07 19:59:09.383 [info] <0.44.0> Application jsx started on node nonode@nohost
2021-04-07 19:59:09.383 [info] <0.44.0> Application recon started on node nonode@nohost
2021-04-07 19:59:09.432 [info] <0.44.0> Application credentials_obfuscation started on node nonode@nohost
2021-04-07 19:59:09.432 [info] <0.44.0> Application rabbit_common started on node nonode@nohost
2021-04-07 19:59:09.447 [info] <0.44.0> Application amqp_client started on node nonode@nohost
2021-04-07 19:59:09.450 [info] <0.44.0> Application amqp started on node nonode@nohost
2021-04-07 19:59:09.475 [info] <0.44.0> Application websocket started on node nonode@nohost
2021-04-07 20:02:59.526 [error] <0.443.0> CRASH REPORT Process <0.443.0> with 0 neighbours exited with reason: {{shutdown,{server_initiated_close,405,<<"RESOURCE_LOCKED - cannot obtain exclusive access to locked queue 'websocket_test_queue' in vhost '/'. It could be originally declared on another connection or the exclusive property value does not match that of the original declaration.">>}},{gen_server,call,[<0.457.0>,{call,{'queue.declare',0,<<"websocket_test_queue">>,false,false,true,false,false,[]},none,<0.443.0>},60000]}} in gen_server:call/3 line 246 in gen_server:call/3 line 246
2021-04-07 20:02:59.529 [error] <0.443.0> Cowboy stream 1 with ranch listener 'Elixir.Websocket.Router.HTTP' and connection process <0.442.0> had its request process exit with reason: {{shutdown,{server_initiated_close,405,<<"RESOURCE_LOCKED - cannot obtain exclusive access to locked queue 'websocket_test_queue' in vhost '/'. It could be originally declared on another connection or the exclusive property value does not match that of the original declaration.">>}},{gen_server,call,[<0.457.0>,{call,{'queue.declare',0,<<"websocket_test_queue">>,false,false,true,false,false,[]},none,<0.443.0>},60000]}} in gen_server:call/3 line 246
2021-04-07 20:03:28.876 [error] <0.465.0> CRASH REPORT Process <0.465.0> with 0 neighbours exited with reason: {{shutdown,{server_initiated_close,405,<<"RESOURCE_LOCKED - cannot obtain exclusive access to locked queue 'websocket_test_queue' in vhost '/'. It could be originally declared on another connection or the exclusive property value does not match that of the original declaration.">>}},{gen_server,call,[<0.477.0>,{call,{'queue.declare',0,<<"websocket_test_queue">>,false,false,true,false,false,[]},none,<0.465.0>},60000]}} in gen_server:call/3 line 246 in gen_server:call/3 line 246
2021-04-07 20:03:28.893 [error] <0.465.0> Cowboy stream 1 with ranch listener 'Elixir.Websocket.Router.HTTP' and connection process <0.464.0> had its request process exit with reason: {{shutdown,{server_initiated_close,405,<<"RESOURCE_LOCKED - cannot obtain exclusive access to locked queue 'websocket_test_queue' in vhost '/'. It could be originally declared on another connection or the exclusive property value does not match that of the original declaration.">>}},{gen_server,call,[<0.477.0>,{call,{'queue.declare',0,<<"websocket_test_queue">>,false,false,true,false,false,[]},none,<0.465.0>},60000]}} in gen_server:call/3 line 246
2021-04-07 20:03:28.909 [error] <0.480.0> CRASH REPORT Process <0.480.0> with 0 neighbours exited with reason: {{shutdown,{server_initiated_close,405,<<"RESOURCE_LOCKED - cannot obtain exclusive access to locked queue 'websocket_test_queue' in vhost '/'. It could be originally declared on another connection or the exclusive property value does not match that of the original declaration.">>}},{gen_server,call,[<0.492.0>,{call,{'queue.declare',0,<<"websocket_test_queue">>,false,false,true,false,false,[]},none,<0.480.0>},60000]}} in gen_server:call/3 line 246 in gen_server:call/3 line 246
2021-04-07 20:03:28.910 [error] <0.480.0> Cowboy stream 1 with ranch listener 'Elixir.Websocket.Router.HTTP' and connection process <0.479.0> had its request process exit with reason: {{shutdown,{server_initiated_close,405,<<"RESOURCE_LOCKED - cannot obtain exclusive access to locked queue 'websocket_test_queue' in vhost '/'. It could be originally declared on another connection or the exclusive property value does not match that of the original declaration.">>}},{gen_server,call,[<0.492.0>,{call,{'queue.declare',0,<<"websocket_test_queue">>,false,false,true,false,false,[]},none,<0.480.0>},60000]}} in gen_server:call/3 line 246
2021-04-07 20:03:43.967 [info] <0.44.0> Application lager started on node nonode@nohost
2021-04-07 20:03:43.978 [info] <0.44.0> Application xmerl started on node nonode@nohost
2021-04-07 20:03:43.983 [info] <0.44.0> Application sasl started on node nonode@nohost
2021-04-07 20:03:43.983 [info] <0.44.0> Application tools started on node nonode@nohost
2021-04-07 20:03:43.983 [info] <0.44.0> Application jsx started on node nonode@nohost
2021-04-07 20:03:43.983 [info] <0.44.0> Application recon started on node nonode@nohost
2021-04-07 20:03:44.034 [info] <0.44.0> Application credentials_obfuscation started on node nonode@nohost
2021-04-07 20:03:44.034 [info] <0.44.0> Application rabbit_common started on node nonode@nohost
2021-04-07 20:03:44.040 [info] <0.44.0> Application amqp_client started on node nonode@nohost
2021-04-07 20:03:44.053 [info] <0.44.0> Application amqp started on node nonode@nohost
2021-04-07 20:03:44.087 [error] <0.322.0> Failed to start Ranch listener 'Elixir.Websocket.Router.HTTP' in ranch_tcp:listen([{cacerts,'...'},{key,'...'},{cert,'...'},{port,4001}]) for reason eaddrinuse (address already in use)
2021-04-07 20:03:44.091 [error] <0.320.0> Supervisor {<0.320.0>,ranch_listener_sup} had child ranch_acceptors_sup started with ranch_acceptors_sup:start_link('Elixir.Websocket.Router.HTTP', ranch_tcp) at undefined exit with reason {listen_error,'Elixir.Websocket.Router.HTTP',eaddrinuse} in context start_error
2021-04-07 20:03:49.677 [info] <0.44.0> Application lager started on node nonode@nohost
2021-04-07 20:03:49.680 [info] <0.44.0> Application xmerl started on node nonode@nohost
2021-04-07 20:03:49.684 [info] <0.44.0> Application sasl started on node nonode@nohost
2021-04-07 20:03:49.684 [info] <0.44.0> Application tools started on node nonode@nohost
2021-04-07 20:03:49.684 [info] <0.44.0> Application jsx started on node nonode@nohost
2021-04-07 20:03:49.684 [info] <0.44.0> Application recon started on node nonode@nohost
2021-04-07 20:03:49.743 [info] <0.44.0> Application credentials_obfuscation started on node nonode@nohost
2021-04-07 20:03:49.743 [info] <0.44.0> Application rabbit_common started on node nonode@nohost
2021-04-07 20:03:49.750 [info] <0.44.0> Application amqp_client started on node nonode@nohost
2021-04-07 20:03:49.752 [info] <0.44.0> Application amqp started on node nonode@nohost
2021-04-07 20:03:49.789 [info] <0.44.0> Application websocket started on node nonode@nohost
2021-04-07 20:04:28.996 [info] <0.44.0> Application lager started on node nonode@nohost
2021-04-07 20:04:28.998 [info] <0.44.0> Application xmerl started on node nonode@nohost
2021-04-07 20:04:29.006 [info] <0.44.0> Application sasl started on node nonode@nohost
2021-04-07 20:04:29.007 [info] <0.44.0> Application tools started on node nonode@nohost
2021-04-07 20:04:29.007 [info] <0.44.0> Application jsx started on node nonode@nohost
2021-04-07 20:04:29.008 [info] <0.44.0> Application recon started on node nonode@nohost
2021-04-07 20:04:29.056 [info] <0.44.0> Application credentials_obfuscation started on node nonode@nohost
2021-04-07 20:04:29.057 [info] <0.44.0> Application rabbit_common started on node nonode@nohost
2021-04-07 20:04:29.070 [info] <0.44.0> Application amqp_client started on node nonode@nohost
2021-04-07 20:04:29.075 [info] <0.44.0> Application amqp started on node nonode@nohost
2021-04-07 20:04:29.109 [info] <0.44.0> Application websocket started on node nonode@nohost
2021-04-07 20:04:36.639 [error] <0.442.0> CRASH REPORT Process <0.442.0> with 0 neighbours exited with reason: {{shutdown,{server_initiated_close,405,<<"RESOURCE_LOCKED - cannot obtain exclusive access to locked queue 'websocket_test_queue' in vhost '/'. It could be originally declared on another connection or the exclusive property value does not match that of the original declaration.">>}},{gen_server,call,[<0.456.0>,{call,{'queue.declare',0,<<"websocket_test_queue">>,false,false,true,false,false,[]},none,<0.442.0>},60000]}} in gen_server:call/3 line 246 in gen_server:call/3 line 246
2021-04-07 20:04:36.662 [error] <0.442.0> Cowboy stream 1 with ranch listener 'Elixir.Websocket.Router.HTTP' and connection process <0.441.0> had its request process exit with reason: {{shutdown,{server_initiated_close,405,<<"RESOURCE_LOCKED - cannot obtain exclusive access to locked queue 'websocket_test_queue' in vhost '/'. It could be originally declared on another connection or the exclusive property value does not match that of the original declaration.">>}},{gen_server,call,[<0.456.0>,{call,{'queue.declare',0,<<"websocket_test_queue">>,false,false,true,false,false,[]},none,<0.442.0>},60000]}} in gen_server:call/3 line 246
2021-04-07 20:05:48.829 [info] <0.44.0> Application lager started on node nonode@nohost
2021-04-07 20:05:48.833 [info] <0.44.0> Application xmerl started on node nonode@nohost
2021-04-07 20:05:48.840 [info] <0.44.0> Application sasl started on node nonode@nohost
2021-04-07 20:05:48.840 [info] <0.44.0> Application tools started on node nonode@nohost
2021-04-07 20:05:48.840 [info] <0.44.0> Application jsx started on node nonode@nohost
2021-04-07 20:05:48.840 [info] <0.44.0> Application recon started on node nonode@nohost
2021-04-07 20:05:48.936 [info] <0.44.0> Application credentials_obfuscation started on node nonode@nohost
2021-04-07 20:05:48.936 [info] <0.44.0> Application rabbit_common started on node nonode@nohost
2021-04-07 20:05:48.943 [info] <0.44.0> Application amqp_client started on node nonode@nohost
2021-04-07 20:05:48.944 [info] <0.44.0> Application amqp started on node nonode@nohost
2021-04-07 20:05:48.975 [info] <0.44.0> Application websocket started on node nonode@nohost
2021-04-07 20:05:55.859 [info] <0.44.0> Application lager started on node nonode@nohost
2021-04-07 20:05:55.867 [info] <0.44.0> Application xmerl started on node nonode@nohost
2021-04-07 20:05:55.867 [info] <0.44.0> Application sasl started on node nonode@nohost
2021-04-07 20:05:55.867 [info] <0.44.0> Application tools started on node nonode@nohost
2021-04-07 20:05:55.867 [info] <0.44.0> Application jsx started on node nonode@nohost
2021-04-07 20:05:55.867 [info] <0.44.0> Application recon started on node nonode@nohost
2021-04-07 20:05:55.941 [info] <0.44.0> Application credentials_obfuscation started on node nonode@nohost
2021-04-07 20:05:55.941 [info] <0.44.0> Application rabbit_common started on node nonode@nohost
2021-04-07 20:05:55.947 [info] <0.44.0> Application amqp_client started on node nonode@nohost
2021-04-07 20:05:55.948 [info] <0.44.0> Application amqp started on node nonode@nohost
2021-04-07 20:05:55.994 [info] <0.44.0> Application websocket started on node nonode@nohost
2021-04-07 20:07:20.167 [info] <0.44.0> Application lager started on node nonode@nohost
2021-04-07 20:07:20.170 [info] <0.44.0> Application xmerl started on node nonode@nohost
2021-04-07 20:07:20.173 [info] <0.44.0> Application sasl started on node nonode@nohost
2021-04-07 20:07:20.173 [info] <0.44.0> Application tools started on node nonode@nohost
2021-04-07 20:07:20.173 [info] <0.44.0> Application jsx started on node nonode@nohost
2021-04-07 20:07:20.174 [info] <0.44.0> Application recon started on node nonode@nohost
2021-04-07 20:07:20.213 [info] <0.44.0> Application credentials_obfuscation started on node nonode@nohost
2021-04-07 20:07:20.213 [info] <0.44.0> Application rabbit_common started on node nonode@nohost
2021-04-07 20:07:20.221 [info] <0.44.0> Application amqp_client started on node nonode@nohost
2021-04-07 20:07:20.223 [info] <0.44.0> Application amqp started on node nonode@nohost
2021-04-07 20:07:20.248 [info] <0.44.0> Application websocket started on node nonode@nohost
2021-04-07 20:07:24.457 [info] <0.44.0> Application lager started on node nonode@nohost
2021-04-07 20:07:24.460 [info] <0.44.0> Application xmerl started on node nonode@nohost
2021-04-07 20:07:24.465 [info] <0.44.0> Application sasl started on node nonode@nohost
2021-04-07 20:07:24.465 [info] <0.44.0> Application tools started on node nonode@nohost
2021-04-07 20:07:24.465 [info] <0.44.0> Application jsx started on node nonode@nohost
2021-04-07 20:07:24.466 [info] <0.44.0> Application recon started on node nonode@nohost
2021-04-07 20:07:24.519 [info] <0.44.0> Application credentials_obfuscation started on node nonode@nohost
2021-04-07 20:07:24.519 [info] <0.44.0> Application rabbit_common started on node nonode@nohost
2021-04-07 20:07:24.529 [info] <0.44.0> Application amqp_client started on node nonode@nohost
2021-04-07 20:07:24.531 [info] <0.44.0> Application amqp started on node nonode@nohost
2021-04-07 20:07:24.572 [info] <0.44.0> Application websocket started on node nonode@nohost
2021-04-07 20:07:57.492 [info] <0.44.0> Application lager started on node nonode@nohost
2021-04-07 20:07:57.496 [info] <0.44.0> Application xmerl started on node nonode@nohost
2021-04-07 20:07:57.496 [info] <0.44.0> Application sasl started on node nonode@nohost
2021-04-07 20:07:57.496 [info] <0.44.0> Application tools started on node nonode@nohost
2021-04-07 20:07:57.496 [info] <0.44.0> Application jsx started on node nonode@nohost
2021-04-07 20:07:57.496 [info] <0.44.0> Application recon started on node nonode@nohost
2021-04-07 20:07:57.558 [info] <0.44.0> Application credentials_obfuscation started on node nonode@nohost
2021-04-07 20:07:57.558 [info] <0.44.0> Application rabbit_common started on node nonode@nohost
2021-04-07 20:07:57.565 [info] <0.44.0> Application amqp_client started on node nonode@nohost
2021-04-07 20:07:57.572 [info] <0.44.0> Application amqp started on node nonode@nohost
2021-04-07 20:07:57.589 [info] <0.44.0> Application websocket started on node nonode@nohost
2021-04-07 20:08:35.255 [info] <0.44.0> Application lager started on node nonode@nohost
2021-04-07 20:08:35.260 [info] <0.44.0> Application xmerl started on node nonode@nohost
2021-04-07 20:08:35.265 [info] <0.44.0> Application sasl started on node nonode@nohost
2021-04-07 20:08:35.266 [info] <0.44.0> Application tools started on node nonode@nohost
2021-04-07 20:08:35.266 [info] <0.44.0> Application jsx started on node nonode@nohost
2021-04-07 20:08:35.266 [info] <0.44.0> Application recon started on node nonode@nohost
2021-04-07 20:08:35.323 [info] <0.44.0> Application credentials_obfuscation started on node nonode@nohost
2021-04-07 20:08:35.323 [info] <0.44.0> Application rabbit_common started on node nonode@nohost
2021-04-07 20:08:35.333 [info] <0.44.0> Application amqp_client started on node nonode@nohost
2021-04-07 20:08:35.350 [info] <0.44.0> Application amqp started on node nonode@nohost
2021-04-07 20:08:35.395 [info] <0.44.0> Application websocket started on node nonode@nohost
2021-04-07 20:08:36.825 [error] <0.456.0> gen_server <0.456.0> terminated with reason: unexpected_delivery_and_no_default_consumer
2021-04-07 20:08:36.828 [error] <0.456.0> CRASH REPORT Process <0.456.0> with 0 neighbours exited with reason: unexpected_delivery_and_no_default_consumer in gen_server2:terminate/3 line 1183
2021-04-07 20:08:36.828 [error] <0.455.0> Supervisor {<0.455.0>,amqp_channel_sup} had child gen_consumer started with amqp_gen_consumer:start_link(amqp_selective_consumer, [], {<<"client 127.0.0.1:32783 -> 127.0.0.1:5672">>,1}) at <0.456.0> exit with reason unexpected_delivery_and_no_default_consumer in context child_terminated
2021-04-07 20:08:36.828 [error] <0.455.0> Supervisor {<0.455.0>,amqp_channel_sup} had child gen_consumer started with amqp_gen_consumer:start_link(amqp_selective_consumer, [], {<<"client 127.0.0.1:32783 -> 127.0.0.1:5672">>,1}) at <0.456.0> exit with reason reached_max_restart_intensity in context shutdown
2021-04-07 20:09:52.737 [info] <0.44.0> Application lager started on node nonode@nohost
2021-04-07 20:09:52.748 [info] <0.44.0> Application xmerl started on node nonode@nohost
2021-04-07 20:09:52.753 [info] <0.44.0> Application sasl started on node nonode@nohost
2021-04-07 20:09:52.753 [info] <0.44.0> Application tools started on node nonode@nohost
2021-04-07 20:09:52.753 [info] <0.44.0> Application jsx started on node nonode@nohost
2021-04-07 20:09:52.753 [info] <0.44.0> Application recon started on node nonode@nohost
2021-04-07 20:09:52.816 [info] <0.44.0> Application credentials_obfuscation started on node nonode@nohost
2021-04-07 20:09:52.816 [info] <0.44.0> Application rabbit_common started on node nonode@nohost
2021-04-07 20:09:52.822 [info] <0.44.0> Application amqp_client started on node nonode@nohost
2021-04-07 20:09:52.830 [info] <0.44.0> Application amqp started on node nonode@nohost
2021-04-07 20:09:52.855 [info] <0.44.0> Application websocket started on node nonode@nohost
2021-04-07 20:09:53.857 [error] <0.456.0> gen_server <0.456.0> terminated with reason: unexpected_delivery_and_no_default_consumer
2021-04-07 20:09:53.863 [error] <0.456.0> CRASH REPORT Process <0.456.0> with 0 neighbours exited with reason: unexpected_delivery_and_no_default_consumer in gen_server2:terminate/3 line 1183
2021-04-07 20:09:53.863 [error] <0.455.0> Supervisor {<0.455.0>,amqp_channel_sup} had child gen_consumer started with amqp_gen_consumer:start_link(amqp_selective_consumer, [], {<<"client 127.0.0.1:54693 -> 127.0.0.1:5672">>,1}) at <0.456.0> exit with reason unexpected_delivery_and_no_default_consumer in context child_terminated
2021-04-07 20:09:53.863 [error] <0.455.0> Supervisor {<0.455.0>,amqp_channel_sup} had child gen_consumer started with amqp_gen_consumer:start_link(amqp_selective_consumer, [], {<<"client 127.0.0.1:54693 -> 127.0.0.1:5672">>,1}) at <0.456.0> exit with reason reached_max_restart_intensity in context shutdown
